Using pre-set license
Built from '2020.3/staging' branch; Version is '2020.3.11f1 (99c7afb366b3) revision 10078127'; Using compiler version '192528614'; Build Type 'Release'
OS: 'Windows 10 Pro; OS build 19042.1348; Version 2009; 64bit' Language: 'ko' Physical Memory: 16183 MB
BatchMode: 1, IsHumanControllingUs: 0, StartBugReporterOnCrash: 0, Is64bit: 1, IsPro: 0

 COMMAND LINE ARGUMENTS:
C:\Program Files\Unity\Hub\Editor\2020.3.11f1\Editor\Unity.exe
-adb2
-batchMode
-noUpm
-name
AssetImportWorker1
-projectPath
C:/Users/rladu/OneDrive/문서/GitHub/BalltaguRunner
-logFile
Logs/AssetImportWorker1.log
-srvPort
52105
Successfully changed project path to: C:/Users/rladu/OneDrive/문서/GitHub/BalltaguRunner
C:/Users/rladu/OneDrive/문서/GitHub/BalltaguRunner
Using Asset Import Pipeline V2.
Refreshing native plugins compatible for Editor in 90.28 ms, found 2 plugins.
Preloading 0 native plugins for Editor in 0.00 ms.
Initialize engine version: 2020.3.11f1 (99c7afb366b3)
[Subsystems] Discovering subsystems at path C:/Program Files/Unity/Hub/Editor/2020.3.11f1/Editor/Data/Resources/UnitySubsystems
[Subsystems] Discovering subsystems at path C:/Users/rladu/OneDrive/문서/GitHub/BalltaguRunner/Assets
GfxDevice: creating device client; threaded=0
Direct3D:
    Version:  Direct3D 11.0 [level 11.1]
    Renderer: NVIDIA GeForce MX450 (ID=0x1f97)
    Vendor:   
    VRAM:     1928 MB
    Driver:   27.21.14.6627
Initialize mono
Mono path[0] = 'C:/Program Files/Unity/Hub/Editor/2020.3.11f1/Editor/Data/Managed'
Mono path[1] = 'C:/Program Files/Unity/Hub/Editor/2020.3.11f1/Editor/Data/MonoBleedingEdge/lib/mono/unityjit'
Mono config path = 'C:/Program Files/Unity/Hub/Editor/2020.3.11f1/Editor/Data/MonoBleedingEdge/etc'
Using monoOptions --debugger-agent=transport=dt_socket,embedding=1,server=y,suspend=n,address=127.0.0.1:56800
Begin MonoManager ReloadAssembly
Registering precompiled unity dll's ...
Register platform support module: C:/Program Files/Unity/Hub/Editor/2020.3.11f1/Editor/Data/PlaybackEngines/WebGLSupport/UnityEditor.WebGL.Extensions.dll
Register platform support module: C:/Program Files/Unity/Hub/Editor/2020.3.11f1/Editor/Data/PlaybackEngines/WindowsStandaloneSupport/UnityEditor.WindowsStandalone.Extensions.dll
Registered in 0.006290 seconds.
Native extension for WindowsStandalone target not found
Native extension for WebGL target not found
Refreshing native plugins compatible for Editor in 84.52 ms, found 2 plugins.
Preloading 0 native plugins for Editor in 0.00 ms.
Mono: successfully reloaded assembly
- Completed reload, in  4.915 seconds
Platform modules already initialized, skipping
Registering precompiled user dll's ...
Registered in 0.012889 seconds.
Begin MonoManager ReloadAssembly
Native extension for WindowsStandalone target not found
Native extension for WebGL target not found
Refreshing native plugins compatible for Editor in 0.88 ms, found 2 plugins.
Preloading 0 native plugins for Editor in 0.00 ms.
Mono: successfully reloaded assembly
- Completed reload, in  9.953 seconds
Platform modules already initialized, skipping
========================================================================
Worker process is ready to serve import requests
Launched and connected shader compiler UnityShaderCompiler.exe after 0.17 seconds
Refreshing native plugins compatible for Editor in 0.39 ms, found 2 plugins.
Preloading 0 native plugins for Editor in 0.00 ms.
Unloading 1546 Unused Serialized files (Serialized files now loaded: 0)
System memory in use before: 70.1 MB.
System memory in use after: 70.2 MB.

Unloading 20 unused Assets to reduce memory usage. Loaded Objects now: 1979.
Total: 2.555800 ms (FindLiveObjects: 0.175400 ms CreateObjectMapping: 0.048600 ms MarkObjects: 2.209700 ms  DeleteObjects: 0.119300 ms)

========================================================================
Received Import Request.
  path: Assets/Image/obstacle_1.png
  artifactKey: Guid(b7f51678c931b064bb3e64241d8a0d2e) Importer(815301076,1909f56bfc062723c751e8b465ee728b)
Start importing Assets/Image/obstacle_1.png using Guid(b7f51678c931b064bb3e64241d8a0d2e) Importer(815301076,1909f56bfc062723c751e8b465ee728b)  -> (artifact id: '98bc462cc1da76fa743b3f38a49520dc') in 0.218603 seconds
  Import took 0.228944 seconds .

========================================================================
Received Import Request.
  Time since last request: 0.000396 seconds.
  path: Assets/Image/obstacle_2.png
  artifactKey: Guid(6fecad3a5eeb7d448938df8ebaccc32c) Importer(815301076,1909f56bfc062723c751e8b465ee728b)
Start importing Assets/Image/obstacle_2.png using Guid(6fecad3a5eeb7d448938df8ebaccc32c) Importer(815301076,1909f56bfc062723c751e8b465ee728b)  -> (artifact id: 'e4a194257bdf0b2608160879914cbb95') in 0.048044 seconds
  Import took 0.061174 seconds .

========================================================================
Received Import Request.
  Time since last request: 0.010324 seconds.
  path: Assets/Image/obstacle_2.png
  artifactKey: Guid(6fecad3a5eeb7d448938df8ebaccc32c) Importer(815301076,1909f56bfc062723c751e8b465ee728b)
Start importing Assets/Image/obstacle_2.png using Guid(6fecad3a5eeb7d448938df8ebaccc32c) Importer(815301076,1909f56bfc062723c751e8b465ee728b)  -> (artifact id: 'e4a194257bdf0b2608160879914cbb95') in 0.023931 seconds
  Import took 0.034619 seconds .

========================================================================
Received Prepare
Registering precompiled user dll's ...
Registered in 0.016572 seconds.
Begin MonoManager ReloadAssembly
Native extension for WindowsStandalone target not found
Native extension for WebGL target not found
Refreshing native plugins compatible for Editor in 0.87 ms, found 2 plugins.
Preloading 0 native plugins for Editor in 0.00 ms.
Mono: successfully reloaded assembly
- Completed reload, in  2.639 seconds
Platform modules already initialized, skipping
Switching build target platform(19) subTarget(0) extendedPlatform(0) -> platform(13) subTarget(537395200) extendedPlatform(0)
Refreshing native plugins compatible for Editor in 0.60 ms, found 2 plugins.
Preloading 0 native plugins for Editor in 0.00 ms.
Unloading 1544 Unused Serialized files (Serialized files now loaded: 0)
System memory in use before: 73.1 MB.
System memory in use after: 73.2 MB.

Unloading 15 unused Assets to reduce memory usage. Loaded Objects now: 1987.
Total: 4.751700 ms (FindLiveObjects: 0.212200 ms CreateObjectMapping: 0.062900 ms MarkObjects: 4.302400 ms  DeleteObjects: 0.171300 ms)

AssetImportParameters requested are different than current active one (requested -> active):
  custom:graphics/normal-map-encoding: 01000000000000000000000000000000 -> 02000000000000000000000000000000
========================================================================
Received Import Request.
  Time since last request: 333.824473 seconds.
  path: Assets/Obstacle.prefab
  artifactKey: Guid(7fa9c7145549c5546b2da1d61368b537) Importer(815301076,1909f56bfc062723c751e8b465ee728b)
Start importing Assets/Obstacle.prefab using Guid(7fa9c7145549c5546b2da1d61368b537) Importer(815301076,1909f56bfc062723c751e8b465ee728b)  -> (artifact id: 'f45911c328553b9bd66f49b2f8d958c7') in 0.143335 seconds
  Import took 0.153643 seconds .

========================================================================
Received Import Request.
  Time since last request: 20.501808 seconds.
  path: Assets/Obstacle.prefab
  artifactKey: Guid(7fa9c7145549c5546b2da1d61368b537) Importer(815301076,1909f56bfc062723c751e8b465ee728b)
Start importing Assets/Obstacle.prefab using Guid(7fa9c7145549c5546b2da1d61368b537) Importer(815301076,1909f56bfc062723c751e8b465ee728b)  -> (artifact id: '444d266dc310c337e7f84af595e76074') in 0.030696 seconds
  Import took 0.042366 seconds .

========================================================================
Received Import Request.
  Time since last request: 11.733597 seconds.
  path: Assets/Obstacle.prefab
  artifactKey: Guid(7fa9c7145549c5546b2da1d61368b537) Importer(815301076,1909f56bfc062723c751e8b465ee728b)
Start importing Assets/Obstacle.prefab using Guid(7fa9c7145549c5546b2da1d61368b537) Importer(815301076,1909f56bfc062723c751e8b465ee728b)  -> (artifact id: 'dde8b3aaa28f52b744712865524e5a36') in 0.019731 seconds
  Import took 0.030532 seconds .

========================================================================
Received Import Request.
  Time since last request: 9.042557 seconds.
  path: Assets/Obstacle.prefab
  artifactKey: Guid(7fa9c7145549c5546b2da1d61368b537) Importer(815301076,1909f56bfc062723c751e8b465ee728b)
Start importing Assets/Obstacle.prefab using Guid(7fa9c7145549c5546b2da1d61368b537) Importer(815301076,1909f56bfc062723c751e8b465ee728b)  -> (artifact id: 'dd37f216881edcfd78a84f3cc117e2e4') in 0.025409 seconds
  Import took 0.039252 seconds .

========================================================================
Received Import Request.
  Time since last request: 3.203336 seconds.
  path: Assets/Obstacle.prefab
  artifactKey: Guid(7fa9c7145549c5546b2da1d61368b537) Importer(815301076,1909f56bfc062723c751e8b465ee728b)
Start importing Assets/Obstacle.prefab using Guid(7fa9c7145549c5546b2da1d61368b537) Importer(815301076,1909f56bfc062723c751e8b465ee728b)  -> (artifact id: '57340a39b12634bec503138ab65dd43e') in 0.020919 seconds
  Import took 0.031046 seconds .

========================================================================
Received Import Request.
  Time since last request: 14.125997 seconds.
  path: Assets/Obstacle.prefab
  artifactKey: Guid(7fa9c7145549c5546b2da1d61368b537) Importer(815301076,1909f56bfc062723c751e8b465ee728b)
Start importing Assets/Obstacle.prefab using Guid(7fa9c7145549c5546b2da1d61368b537) Importer(815301076,1909f56bfc062723c751e8b465ee728b)  -> (artifact id: '8d30aa8ba026f6d7d5734e465e858110') in 0.019678 seconds
  Import took 0.031905 seconds .

========================================================================
Received Import Request.
  Time since last request: 24.856797 seconds.
  path: Assets/Obstacle.prefab
  artifactKey: Guid(7fa9c7145549c5546b2da1d61368b537) Importer(815301076,1909f56bfc062723c751e8b465ee728b)
Start importing Assets/Obstacle.prefab using Guid(7fa9c7145549c5546b2da1d61368b537) Importer(815301076,1909f56bfc062723c751e8b465ee728b)  -> (artifact id: '5ef0224135708047b4b9be0527675c3e') in 0.020866 seconds
  Import took 0.031610 seconds .

========================================================================
Received Import Request.
  Time since last request: 9.526580 seconds.
  path: Assets/Obstacle.prefab
  artifactKey: Guid(7fa9c7145549c5546b2da1d61368b537) Importer(815301076,1909f56bfc062723c751e8b465ee728b)
Start importing Assets/Obstacle.prefab using Guid(7fa9c7145549c5546b2da1d61368b537) Importer(815301076,1909f56bfc062723c751e8b465ee728b)  -> (artifact id: '4cf712e1da27023e1b2df0df5e844012') in 0.020491 seconds
  Import took 0.030971 seconds .

========================================================================
Received Import Request.
  Time since last request: 6.432287 seconds.
  path: Assets/Obstacle.prefab
  artifactKey: Guid(7fa9c7145549c5546b2da1d61368b537) Importer(815301076,1909f56bfc062723c751e8b465ee728b)
Start importing Assets/Obstacle.prefab using Guid(7fa9c7145549c5546b2da1d61368b537) Importer(815301076,1909f56bfc062723c751e8b465ee728b)  -> (artifact id: 'd22ba0d51ee59480bc17ce7674c3f324') in 0.031892 seconds
  Import took 0.045978 seconds .

========================================================================
Received Import Request.
  Time since last request: 3.772288 seconds.
  path: Assets/Obstacle.prefab
  artifactKey: Guid(7fa9c7145549c5546b2da1d61368b537) Importer(815301076,1909f56bfc062723c751e8b465ee728b)
Start importing Assets/Obstacle.prefab using Guid(7fa9c7145549c5546b2da1d61368b537) Importer(815301076,1909f56bfc062723c751e8b465ee728b)  -> (artifact id: 'd13c417f4400c89956d131ae6b17c4f1') in 0.022178 seconds
  Import took 0.034111 seconds .

========================================================================
Received Prepare
Registering precompiled user dll's ...
Registered in 0.015444 seconds.
Begin MonoManager ReloadAssembly
Native extension for WindowsStandalone target not found
Native extension for WebGL target not found
Refreshing native plugins compatible for Editor in 1.15 ms, found 2 plugins.
Preloading 0 native plugins for Editor in 0.00 ms.
Mono: successfully reloaded assembly
- Completed reload, in  2.853 seconds
Platform modules already initialized, skipping
Switching build target platform(19) subTarget(0) extendedPlatform(0) -> platform(13) subTarget(537395200) extendedPlatform(0)
Refreshing native plugins compatible for Editor in 0.69 ms, found 2 plugins.
Preloading 0 native plugins for Editor in 0.00 ms.
Unloading 1545 Unused Serialized files (Serialized files now loaded: 0)
System memory in use before: 73.2 MB.
System memory in use after: 73.3 MB.

Unloading 15 unused Assets to reduce memory usage. Loaded Objects now: 1994.
Total: 4.716900 ms (FindLiveObjects: 0.347400 ms CreateObjectMapping: 0.109700 ms MarkObjects: 4.154100 ms  DeleteObjects: 0.103800 ms)

AssetImportParameters requested are different than current active one (requested -> active):
  custom:graphics/normal-map-encoding: 01000000000000000000000000000000 -> 02000000000000000000000000000000
========================================================================
Received Import Request.
  Time since last request: 225.992779 seconds.
  path: Assets/Script/ObstacleScript.cs
  artifactKey: Guid(b061cb914164e1f4b89c4a6a4c8667b3) Importer(815301076,1909f56bfc062723c751e8b465ee728b)
Start importing Assets/Script/ObstacleScript.cs using Guid(b061cb914164e1f4b89c4a6a4c8667b3) Importer(815301076,1909f56bfc062723c751e8b465ee728b)  -> (artifact id: '0fc02c50c5a1b113156edd5bd0d0ec77') in 0.032240 seconds
  Import took 0.045135 seconds .

========================================================================
Received Prepare
Registering precompiled user dll's ...
Registered in 0.011482 seconds.
Begin MonoManager ReloadAssembly
Native extension for WindowsStandalone target not found
Native extension for WebGL target not found
Refreshing native plugins compatible for Editor in 0.54 ms, found 2 plugins.
Preloading 0 native plugins for Editor in 0.00 ms.
Mono: successfully reloaded assembly
- Completed reload, in  2.645 seconds
Platform modules already initialized, skipping
Switching build target platform(19) subTarget(0) extendedPlatform(0) -> platform(13) subTarget(537395200) extendedPlatform(0)
Refreshing native plugins compatible for Editor in 0.60 ms, found 2 plugins.
Preloading 0 native plugins for Editor in 0.00 ms.
Unloading 1545 Unused Serialized files (Serialized files now loaded: 0)
System memory in use before: 73.3 MB.
System memory in use after: 73.3 MB.

Unloading 15 unused Assets to reduce memory usage. Loaded Objects now: 1996.
Total: 3.336900 ms (FindLiveObjects: 0.391400 ms CreateObjectMapping: 0.146000 ms MarkObjects: 2.713100 ms  DeleteObjects: 0.083600 ms)

AssetImportParameters requested are different than current active one (requested -> active):
  custom:graphics/normal-map-encoding: 01000000000000000000000000000000 -> 02000000000000000000000000000000
========================================================================
Received Prepare
Registering precompiled user dll's ...
Registered in 0.010858 seconds.
Begin MonoManager ReloadAssembly
Native extension for WindowsStandalone target not found
Native extension for WebGL target not found
Refreshing native plugins compatible for Editor in 0.55 ms, found 2 plugins.
Preloading 0 native plugins for Editor in 0.00 ms.
Mono: successfully reloaded assembly
- Completed reload, in  2.846 seconds
Platform modules already initialized, skipping
Switching build target platform(19) subTarget(0) extendedPlatform(0) -> platform(13) subTarget(537395200) extendedPlatform(0)
Refreshing native plugins compatible for Editor in 0.96 ms, found 2 plugins.
Preloading 0 native plugins for Editor in 0.00 ms.
Unloading 1546 Unused Serialized files (Serialized files now loaded: 0)
System memory in use before: 73.3 MB.
System memory in use after: 73.4 MB.

Unloading 15 unused Assets to reduce memory usage. Loaded Objects now: 1999.
Total: 3.392300 ms (FindLiveObjects: 0.253700 ms CreateObjectMapping: 0.079900 ms MarkObjects: 2.947700 ms  DeleteObjects: 0.109100 ms)

AssetImportParameters requested are different than current active one (requested -> active):
  custom:graphics/normal-map-encoding: 01000000000000000000000000000000 -> 02000000000000000000000000000000
========================================================================
Received Prepare
Registering precompiled user dll's ...
Registered in 0.019544 seconds.
Begin MonoManager ReloadAssembly
Native extension for WindowsStandalone target not found
Native extension for WebGL target not found
Refreshing native plugins compatible for Editor in 0.54 ms, found 2 plugins.
Preloading 0 native plugins for Editor in 0.00 ms.
Mono: successfully reloaded assembly
- Completed reload, in  2.842 seconds
Platform modules already initialized, skipping
Switching build target platform(19) subTarget(0) extendedPlatform(0) -> platform(13) subTarget(537395200) extendedPlatform(0)
Refreshing native plugins compatible for Editor in 1.33 ms, found 2 plugins.
Preloading 0 native plugins for Editor in 0.00 ms.
Unloading 1546 Unused Serialized files (Serialized files now loaded: 0)
System memory in use before: 73.3 MB.
System memory in use after: 73.4 MB.

Unloading 15 unused Assets to reduce memory usage. Loaded Objects now: 2001.
Total: 3.037100 ms (FindLiveObjects: 0.201100 ms CreateObjectMapping: 0.062500 ms MarkObjects: 2.683700 ms  DeleteObjects: 0.087300 ms)

AssetImportParameters requested are different than current active one (requested -> active):
  custom:graphics/normal-map-encoding: 01000000000000000000000000000000 -> 02000000000000000000000000000000
========================================================================
Received Import Request.
  Time since last request: 240.495657 seconds.
  path: Assets/Script/ObstacleScript.cs
  artifactKey: Guid(b061cb914164e1f4b89c4a6a4c8667b3) Importer(815301076,1909f56bfc062723c751e8b465ee728b)
Start importing Assets/Script/ObstacleScript.cs using Guid(b061cb914164e1f4b89c4a6a4c8667b3) Importer(815301076,1909f56bfc062723c751e8b465ee728b)  -> (artifact id: 'fb79ead463316eda3917663041b5f5ea') in 0.009516 seconds
  Import took 0.014733 seconds .

========================================================================
Received Import Request.
  Time since last request: 16.369533 seconds.
  path: Assets/Script/ObstacleScript.cs
  artifactKey: Guid(b061cb914164e1f4b89c4a6a4c8667b3) Importer(815301076,1909f56bfc062723c751e8b465ee728b)
Start importing Assets/Script/ObstacleScript.cs using Guid(b061cb914164e1f4b89c4a6a4c8667b3) Importer(815301076,1909f56bfc062723c751e8b465ee728b)  -> (artifact id: 'e1a4c3b666d7bbc2cf091bec029f384f') in 0.004516 seconds
  Import took 0.011696 seconds .

========================================================================
Received Import Request.
  Time since last request: 4.687339 seconds.
  path: Assets/Script/ObstacleScript.cs
  artifactKey: Guid(b061cb914164e1f4b89c4a6a4c8667b3) Importer(815301076,1909f56bfc062723c751e8b465ee728b)
Start importing Assets/Script/ObstacleScript.cs using Guid(b061cb914164e1f4b89c4a6a4c8667b3) Importer(815301076,1909f56bfc062723c751e8b465ee728b)  -> (artifact id: '8e81ba0057daf12e8b6057232bcf715c') in 0.005358 seconds
  Import took 0.012096 seconds .

========================================================================
Received Import Request.
  Time since last request: 9.075754 seconds.
  path: Assets/Script/ObstacleScript.cs
  artifactKey: Guid(b061cb914164e1f4b89c4a6a4c8667b3) Importer(815301076,1909f56bfc062723c751e8b465ee728b)
Start importing Assets/Script/ObstacleScript.cs using Guid(b061cb914164e1f4b89c4a6a4c8667b3) Importer(815301076,1909f56bfc062723c751e8b465ee728b)  -> (artifact id: '2d258c5136bcb377a0d7d54a0da1eceb') in 0.004892 seconds
  Import took 0.011449 seconds .

========================================================================
Received Import Request.
  Time since last request: 34.725967 seconds.
  path: Assets/Script/ObstacleScript.cs
  artifactKey: Guid(b061cb914164e1f4b89c4a6a4c8667b3) Importer(815301076,1909f56bfc062723c751e8b465ee728b)
Start importing Assets/Script/ObstacleScript.cs using Guid(b061cb914164e1f4b89c4a6a4c8667b3) Importer(815301076,1909f56bfc062723c751e8b465ee728b)  -> (artifact id: 'ddaaefefb22661270f4015c425c82b2c') in 0.004984 seconds
  Import took 0.013701 seconds .

========================================================================
Received Import Request.
  Time since last request: 19.557948 seconds.
  path: Assets/Script/ObstacleScript.cs
  artifactKey: Guid(b061cb914164e1f4b89c4a6a4c8667b3) Importer(815301076,1909f56bfc062723c751e8b465ee728b)
Start importing Assets/Script/ObstacleScript.cs using Guid(b061cb914164e1f4b89c4a6a4c8667b3) Importer(815301076,1909f56bfc062723c751e8b465ee728b)  -> (artifact id: '1fb6ab4fcec0765778d6947b3e6993fa') in 0.004706 seconds
  Import took 0.011615 seconds .

========================================================================
Received Import Request.
  Time since last request: 20.519440 seconds.
  path: Assets/Script/ObstacleScript.cs
  artifactKey: Guid(b061cb914164e1f4b89c4a6a4c8667b3) Importer(815301076,1909f56bfc062723c751e8b465ee728b)
Start importing Assets/Script/ObstacleScript.cs using Guid(b061cb914164e1f4b89c4a6a4c8667b3) Importer(815301076,1909f56bfc062723c751e8b465ee728b)  -> (artifact id: '0bb094f2340ff69fa294de086e125c3c') in 0.004675 seconds
  Import took 0.014646 seconds .

========================================================================
Received Import Request.
  Time since last request: 11.121570 seconds.
  path: Assets/Script/ObstacleScript.cs
  artifactKey: Guid(b061cb914164e1f4b89c4a6a4c8667b3) Importer(815301076,1909f56bfc062723c751e8b465ee728b)
Start importing Assets/Script/ObstacleScript.cs using Guid(b061cb914164e1f4b89c4a6a4c8667b3) Importer(815301076,1909f56bfc062723c751e8b465ee728b)  -> (artifact id: '09e6e9efd13601528825649710d2d6a9') in 0.009586 seconds
  Import took 0.026227 seconds .

========================================================================
Received Import Request.
  Time since last request: 0.009697 seconds.
  path: Assets/Script/ObstacleScript.cs
  artifactKey: Guid(b061cb914164e1f4b89c4a6a4c8667b3) Importer(815301076,1909f56bfc062723c751e8b465ee728b)
Start importing Assets/Script/ObstacleScript.cs using Guid(b061cb914164e1f4b89c4a6a4c8667b3) Importer(815301076,1909f56bfc062723c751e8b465ee728b)  -> (artifact id: '09e6e9efd13601528825649710d2d6a9') in 0.005270 seconds
  Import took 0.018893 seconds .

========================================================================
Received Import Request.
  Time since last request: 24.615220 seconds.
  path: Assets/Script/ObstacleScript.cs
  artifactKey: Guid(b061cb914164e1f4b89c4a6a4c8667b3) Importer(815301076,1909f56bfc062723c751e8b465ee728b)
Start importing Assets/Script/ObstacleScript.cs using Guid(b061cb914164e1f4b89c4a6a4c8667b3) Importer(815301076,1909f56bfc062723c751e8b465ee728b)  -> (artifact id: '3b1d121a6644d522b3ff99a3de06fed3') in 0.005294 seconds
  Import took 0.016370 seconds .

========================================================================
Received Prepare
Registering precompiled user dll's ...
Registered in 0.010747 seconds.
Begin MonoManager ReloadAssembly
Native extension for WindowsStandalone target not found
Native extension for WebGL target not found
Refreshing native plugins compatible for Editor in 0.99 ms, found 2 plugins.
Preloading 0 native plugins for Editor in 0.00 ms.
Mono: successfully reloaded assembly
- Completed reload, in  2.478 seconds
Platform modules already initialized, skipping
Switching build target platform(19) subTarget(0) extendedPlatform(0) -> platform(13) subTarget(537395200) extendedPlatform(0)
Refreshing native plugins compatible for Editor in 0.82 ms, found 2 plugins.
Preloading 0 native plugins for Editor in 0.00 ms.
Unloading 1546 Unused Serialized files (Serialized files now loaded: 0)
System memory in use before: 73.3 MB.
System memory in use after: 73.4 MB.

Unloading 15 unused Assets to reduce memory usage. Loaded Objects now: 2003.
Total: 5.116500 ms (FindLiveObjects: 0.295700 ms CreateObjectMapping: 0.084400 ms MarkObjects: 4.616000 ms  DeleteObjects: 0.118400 ms)

AssetImportParameters requested are different than current active one (requested -> active):
  custom:graphics/normal-map-encoding: 01000000000000000000000000000000 -> 02000000000000000000000000000000
========================================================================
Received Prepare
Registering precompiled user dll's ...
Registered in 0.010441 seconds.
Begin MonoManager ReloadAssembly
Native extension for WindowsStandalone target not found
Native extension for WebGL target not found
Refreshing native plugins compatible for Editor in 0.63 ms, found 2 plugins.
Preloading 0 native plugins for Editor in 0.00 ms.
Mono: successfully reloaded assembly
- Completed reload, in  2.397 seconds
Platform modules already initialized, skipping
Switching build target platform(19) subTarget(0) extendedPlatform(0) -> platform(13) subTarget(537395200) extendedPlatform(0)
Refreshing native plugins compatible for Editor in 0.66 ms, found 2 plugins.
Preloading 0 native plugins for Editor in 0.00 ms.
Unloading 1546 Unused Serialized files (Serialized files now loaded: 0)
System memory in use before: 73.3 MB.
System memory in use after: 73.4 MB.

Unloading 15 unused Assets to reduce memory usage. Loaded Objects now: 2005.
Total: 5.517700 ms (FindLiveObjects: 0.488300 ms CreateObjectMapping: 0.155600 ms MarkObjects: 4.712100 ms  DeleteObjects: 0.157700 ms)

AssetImportParameters requested are different than current active one (requested -> active):
  custom:graphics/normal-map-encoding: 01000000000000000000000000000000 -> 02000000000000000000000000000000
========================================================================
Received Import Request.
  Time since last request: 115.865449 seconds.
  path: ProjectSettings/TagManager.asset
  artifactKey: Guid(00000000000000003000000000000000) Importer(815301076,1909f56bfc062723c751e8b465ee728b)
Start importing ProjectSettings/TagManager.asset using Guid(00000000000000003000000000000000) Importer(815301076,1909f56bfc062723c751e8b465ee728b)  -> (artifact id: '6e0245e10b12fa8ac9f3a6857b274b36') in 0.052480 seconds
  Import took 0.066773 seconds .

========================================================================
Received Import Request.
  Time since last request: 2.420317 seconds.
  path: ProjectSettings/TagManager.asset
  artifactKey: Guid(00000000000000003000000000000000) Importer(815301076,1909f56bfc062723c751e8b465ee728b)
Start importing ProjectSettings/TagManager.asset using Guid(00000000000000003000000000000000) Importer(815301076,1909f56bfc062723c751e8b465ee728b)  -> (artifact id: '435502edd3bf92000863b7c9d850bca8') in 0.008705 seconds
  Import took 0.022270 seconds .

========================================================================
Received Prepare
Registering precompiled user dll's ...
Registered in 0.011032 seconds.
Begin MonoManager ReloadAssembly
Native extension for WindowsStandalone target not found
Native extension for WebGL target not found
Refreshing native plugins compatible for Editor in 0.52 ms, found 2 plugins.
Preloading 0 native plugins for Editor in 0.00 ms.
Mono: successfully reloaded assembly
- Completed reload, in  2.652 seconds
Platform modules already initialized, skipping
Switching build target platform(19) subTarget(0) extendedPlatform(0) -> platform(13) subTarget(537395200) extendedPlatform(0)
Refreshing native plugins compatible for Editor in 0.53 ms, found 2 plugins.
Preloading 0 native plugins for Editor in 0.00 ms.
Unloading 1546 Unused Serialized files (Serialized files now loaded: 0)
System memory in use before: 73.4 MB.
System memory in use after: 73.4 MB.

Unloading 17 unused Assets to reduce memory usage. Loaded Objects now: 2007.
Total: 4.863700 ms (FindLiveObjects: 0.311800 ms CreateObjectMapping: 0.103900 ms MarkObjects: 4.291200 ms  DeleteObjects: 0.153600 ms)

AssetImportParameters requested are different than current active one (requested -> active):
  custom:graphics/normal-map-encoding: 01000000000000000000000000000000 -> 02000000000000000000000000000000
========================================================================
Received Prepare
Registering precompiled user dll's ...
Registered in 0.012455 seconds.
Begin MonoManager ReloadAssembly
Native extension for WindowsStandalone target not found
Native extension for WebGL target not found
Refreshing native plugins compatible for Editor in 0.86 ms, found 2 plugins.
Preloading 0 native plugins for Editor in 0.00 ms.
Mono: successfully reloaded assembly
- Completed reload, in  2.719 seconds
Platform modules already initialized, skipping
Switching build target platform(19) subTarget(0) extendedPlatform(0) -> platform(13) subTarget(537395200) extendedPlatform(0)
Refreshing native plugins compatible for Editor in 0.82 ms, found 2 plugins.
Preloading 0 native plugins for Editor in 0.00 ms.
Unloading 1545 Unused Serialized files (Serialized files now loaded: 0)
System memory in use before: 73.3 MB.
System memory in use after: 73.4 MB.

Unloading 16 unused Assets to reduce memory usage. Loaded Objects now: 2008.
Total: 3.369500 ms (FindLiveObjects: 0.214600 ms CreateObjectMapping: 0.068300 ms MarkObjects: 2.934600 ms  DeleteObjects: 0.149100 ms)

AssetImportParameters requested are different than current active one (requested -> active):
  custom:graphics/normal-map-encoding: 01000000000000000000000000000000 -> 02000000000000000000000000000000
========================================================================
Received Import Request.
  Time since last request: 259.465157 seconds.
  path: Assets/Script/BalltaguScript.cs
  artifactKey: Guid(59a021b6f4a922c4591e4c3d27b75406) Importer(815301076,1909f56bfc062723c751e8b465ee728b)
Start importing Assets/Script/BalltaguScript.cs using Guid(59a021b6f4a922c4591e4c3d27b75406) Importer(815301076,1909f56bfc062723c751e8b465ee728b)  -> (artifact id: 'c640a51a5c9e8f03957c24d5028354d9') in 0.021201 seconds
  Import took 0.034225 seconds .

========================================================================
Received Import Request.
  Time since last request: 0.007707 seconds.
  path: Assets/Script/BalltaguScript.cs
  artifactKey: Guid(59a021b6f4a922c4591e4c3d27b75406) Importer(815301076,1909f56bfc062723c751e8b465ee728b)
Start importing Assets/Script/BalltaguScript.cs using Guid(59a021b6f4a922c4591e4c3d27b75406) Importer(815301076,1909f56bfc062723c751e8b465ee728b)  -> (artifact id: 'c640a51a5c9e8f03957c24d5028354d9') in 0.008512 seconds
  Import took 0.023689 seconds .

========================================================================
Received Import Request.
  Time since last request: 19.320605 seconds.
  path: Assets/Script/BalltaguScript.cs
  artifactKey: Guid(59a021b6f4a922c4591e4c3d27b75406) Importer(815301076,1909f56bfc062723c751e8b465ee728b)
Start importing Assets/Script/BalltaguScript.cs using Guid(59a021b6f4a922c4591e4c3d27b75406) Importer(815301076,1909f56bfc062723c751e8b465ee728b)  -> (artifact id: '52ded3cbc9fa6a8cfc968d3889cbaa4f') in 0.004420 seconds
  Import took 0.014117 seconds .

========================================================================
Received Import Request.
  Time since last request: 53.209100 seconds.
  path: Assets/Script/BalltaguScript.cs
  artifactKey: Guid(59a021b6f4a922c4591e4c3d27b75406) Importer(815301076,1909f56bfc062723c751e8b465ee728b)
Start importing Assets/Script/BalltaguScript.cs using Guid(59a021b6f4a922c4591e4c3d27b75406) Importer(815301076,1909f56bfc062723c751e8b465ee728b)  -> (artifact id: 'a179249899f25e4645039f0b543a8c9f') in 0.005798 seconds
  Import took 0.016320 seconds .

========================================================================
Received Import Request.
  Time since last request: 13.480366 seconds.
  path: Assets/Script/BalltaguScript.cs
  artifactKey: Guid(59a021b6f4a922c4591e4c3d27b75406) Importer(815301076,1909f56bfc062723c751e8b465ee728b)
Start importing Assets/Script/BalltaguScript.cs using Guid(59a021b6f4a922c4591e4c3d27b75406) Importer(815301076,1909f56bfc062723c751e8b465ee728b)  -> (artifact id: '90d0abe2111a19b11ef713dae06099a1') in 0.004817 seconds
  Import took 0.017012 seconds .

========================================================================
Received Import Request.
  Time since last request: 1.429822 seconds.
  path: Assets/Script/BalltaguScript.cs
  artifactKey: Guid(59a021b6f4a922c4591e4c3d27b75406) Importer(815301076,1909f56bfc062723c751e8b465ee728b)
Start importing Assets/Script/BalltaguScript.cs using Guid(59a021b6f4a922c4591e4c3d27b75406) Importer(815301076,1909f56bfc062723c751e8b465ee728b)  -> (artifact id: 'bb015a3dc204dc55a06d2171395ce4f2') in 0.004553 seconds
  Import took 0.014326 seconds .

========================================================================
Received Prepare
Registering precompiled user dll's ...
Registered in 0.007954 seconds.
Begin MonoManager ReloadAssembly
Native extension for WindowsStandalone target not found
Native extension for WebGL target not found
Refreshing native plugins compatible for Editor in 0.73 ms, found 2 plugins.
Preloading 0 native plugins for Editor in 0.00 ms.
Mono: successfully reloaded assembly
- Completed reload, in  2.796 seconds
Platform modules already initialized, skipping
Switching build target platform(19) subTarget(0) extendedPlatform(0) -> platform(13) subTarget(537395200) extendedPlatform(0)
Refreshing native plugins compatible for Editor in 1.18 ms, found 2 plugins.
Preloading 0 native plugins for Editor in 0.00 ms.
Unloading 1545 Unused Serialized files (Serialized files now loaded: 0)
System memory in use before: 73.3 MB.
System memory in use after: 73.4 MB.

Unloading 15 unused Assets to reduce memory usage. Loaded Objects now: 2010.
Total: 5.163100 ms (FindLiveObjects: 0.409300 ms CreateObjectMapping: 0.113000 ms MarkObjects: 4.513300 ms  DeleteObjects: 0.125100 ms)

AssetImportParameters requested are different than current active one (requested -> active):
  custom:graphics/normal-map-encoding: 01000000000000000000000000000000 -> 02000000000000000000000000000000
========================================================================
Received Import Request.
  Time since last request: 41.110033 seconds.
  path: Assets/Obstacle.prefab
  artifactKey: Guid(7fa9c7145549c5546b2da1d61368b537) Importer(815301076,1909f56bfc062723c751e8b465ee728b)
Start importing Assets/Obstacle.prefab using Guid(7fa9c7145549c5546b2da1d61368b537) Importer(815301076,1909f56bfc062723c751e8b465ee728b)  -> (artifact id: '9dbe4299856b9bf38ff7e1378a2f0c72') in 0.152341 seconds
  Import took 0.167976 seconds .

========================================================================
Received Import Request.
  Time since last request: 3.887818 seconds.
  path: Assets/Obstacle.prefab
  artifactKey: Guid(7fa9c7145549c5546b2da1d61368b537) Importer(815301076,1909f56bfc062723c751e8b465ee728b)
Start importing Assets/Obstacle.prefab using Guid(7fa9c7145549c5546b2da1d61368b537) Importer(815301076,1909f56bfc062723c751e8b465ee728b)  -> (artifact id: '027799dce65d1531be832e9b65bd31d1') in 0.020426 seconds
  Import took 0.034680 seconds .

========================================================================
Received Import Request.
  Time since last request: 6.582054 seconds.
  path: Assets/Obstacle.prefab
  artifactKey: Guid(7fa9c7145549c5546b2da1d61368b537) Importer(815301076,1909f56bfc062723c751e8b465ee728b)
Start importing Assets/Obstacle.prefab using Guid(7fa9c7145549c5546b2da1d61368b537) Importer(815301076,1909f56bfc062723c751e8b465ee728b)  -> (artifact id: '7a9b47391daf7ebb478975975497b01d') in 0.026371 seconds
  Import took 0.037843 seconds .

========================================================================
Received Import Request.
  Time since last request: 0.005183 seconds.
  path: Assets/Obstacle.prefab
  artifactKey: Guid(7fa9c7145549c5546b2da1d61368b537) Importer(815301076,1909f56bfc062723c751e8b465ee728b)
Start importing Assets/Obstacle.prefab using Guid(7fa9c7145549c5546b2da1d61368b537) Importer(815301076,1909f56bfc062723c751e8b465ee728b)  -> (artifact id: '7a9b47391daf7ebb478975975497b01d') in 0.028298 seconds
  Import took 0.043207 seconds .

========================================================================
Received Import Request.
  Time since last request: 0.910652 seconds.
  path: Assets/Obstacle.prefab
  artifactKey: Guid(7fa9c7145549c5546b2da1d61368b537) Importer(815301076,1909f56bfc062723c751e8b465ee728b)
Start importing Assets/Obstacle.prefab using Guid(7fa9c7145549c5546b2da1d61368b537) Importer(815301076,1909f56bfc062723c751e8b465ee728b)  -> (artifact id: '43846c58c06c037b02d29444649c15c6') in 0.026033 seconds
  Import took 0.042093 seconds .

========================================================================
Received Import Request.
  Time since last request: 0.799756 seconds.
  path: Assets/Obstacle.prefab
  artifactKey: Guid(7fa9c7145549c5546b2da1d61368b537) Importer(815301076,1909f56bfc062723c751e8b465ee728b)
Start importing Assets/Obstacle.prefab using Guid(7fa9c7145549c5546b2da1d61368b537) Importer(815301076,1909f56bfc062723c751e8b465ee728b)  -> (artifact id: '9c4d347859884ec308c993a7bf6701ee') in 0.031625 seconds
  Import took 0.049467 seconds .

========================================================================
Received Import Request.
  Time since last request: 2.409323 seconds.
  path: Assets/Obstacle.prefab
  artifactKey: Guid(7fa9c7145549c5546b2da1d61368b537) Importer(815301076,1909f56bfc062723c751e8b465ee728b)
Start importing Assets/Obstacle.prefab using Guid(7fa9c7145549c5546b2da1d61368b537) Importer(815301076,1909f56bfc062723c751e8b465ee728b)  -> (artifact id: '3d3c4212a36b7009c3d8f0d04ca36d2f') in 0.025595 seconds
  Import took 0.035083 seconds .

========================================================================
Received Import Request.
  Time since last request: 1.786962 seconds.
  path: Assets/Obstacle.prefab
  artifactKey: Guid(7fa9c7145549c5546b2da1d61368b537) Importer(815301076,1909f56bfc062723c751e8b465ee728b)
Start importing Assets/Obstacle.prefab using Guid(7fa9c7145549c5546b2da1d61368b537) Importer(815301076,1909f56bfc062723c751e8b465ee728b)  -> (artifact id: '040a88cf1be71662ee0b414e8df15d1c') in 0.025415 seconds
  Import took 0.035723 seconds .

========================================================================
Received Import Request.
  Time since last request: 1.799065 seconds.
  path: Assets/Obstacle.prefab
  artifactKey: Guid(7fa9c7145549c5546b2da1d61368b537) Importer(815301076,1909f56bfc062723c751e8b465ee728b)
Start importing Assets/Obstacle.prefab using Guid(7fa9c7145549c5546b2da1d61368b537) Importer(815301076,1909f56bfc062723c751e8b465ee728b)  -> (artifact id: 'ac347babe21e88824bc600d6f84562b8') in 0.022862 seconds
  Import took 0.029619 seconds .

========================================================================
Received Import Request.
  Time since last request: 4.795902 seconds.
  path: Assets/Obstacle.prefab
  artifactKey: Guid(7fa9c7145549c5546b2da1d61368b537) Importer(815301076,1909f56bfc062723c751e8b465ee728b)
Start importing Assets/Obstacle.prefab using Guid(7fa9c7145549c5546b2da1d61368b537) Importer(815301076,1909f56bfc062723c751e8b465ee728b)  -> (artifact id: '870e701d53c3f2a62bde6e552c1a36b2') in 0.022621 seconds
  Import took 0.030291 seconds .

========================================================================
Received Import Request.
  Time since last request: 2.938272 seconds.
  path: Assets/Obstacle.prefab
  artifactKey: Guid(7fa9c7145549c5546b2da1d61368b537) Importer(815301076,1909f56bfc062723c751e8b465ee728b)
Start importing Assets/Obstacle.prefab using Guid(7fa9c7145549c5546b2da1d61368b537) Importer(815301076,1909f56bfc062723c751e8b465ee728b)  -> (artifact id: '6a0377d40af0157a5063aa062a63e100') in 0.019676 seconds
  Import took 0.027042 seconds .

========================================================================
Received Prepare
Registering precompiled user dll's ...
Registered in 0.015871 seconds.
Begin MonoManager ReloadAssembly
Native extension for WindowsStandalone target not found
Native extension for WebGL target not found
Refreshing native plugins compatible for Editor in 1.52 ms, found 2 plugins.
Preloading 0 native plugins for Editor in 0.00 ms.
Mono: successfully reloaded assembly
- Completed reload, in  3.225 seconds
Platform modules already initialized, skipping
Switching build target platform(19) subTarget(0) extendedPlatform(0) -> platform(13) subTarget(537395200) extendedPlatform(0)
Refreshing native plugins compatible for Editor in 0.88 ms, found 2 plugins.
Preloading 0 native plugins for Editor in 0.00 ms.
Unloading 1545 Unused Serialized files (Serialized files now loaded: 0)
System memory in use before: 73.3 MB.
System memory in use after: 73.4 MB.

Unloading 15 unused Assets to reduce memory usage. Loaded Objects now: 2013.
Total: 3.062900 ms (FindLiveObjects: 0.222000 ms CreateObjectMapping: 0.062600 ms MarkObjects: 2.675200 ms  DeleteObjects: 0.100200 ms)

AssetImportParameters requested are different than current active one (requested -> active):
  custom:graphics/normal-map-encoding: 01000000000000000000000000000000 -> 02000000000000000000000000000000
========================================================================
Received Import Request.
  Time since last request: 292.975674 seconds.
  path: Assets/Obstacle.prefab
  artifactKey: Guid(7fa9c7145549c5546b2da1d61368b537) Importer(815301076,1909f56bfc062723c751e8b465ee728b)
Start importing Assets/Obstacle.prefab using Guid(7fa9c7145549c5546b2da1d61368b537) Importer(815301076,1909f56bfc062723c751e8b465ee728b)  -> (artifact id: 'b138ae5b0f9d1b480d1db573741e3ee0') in 0.156857 seconds
  Import took 0.167864 seconds .

========================================================================
Received Import Request.
  Time since last request: 0.411774 seconds.
  path: Assets/Obstacle.prefab
  artifactKey: Guid(7fa9c7145549c5546b2da1d61368b537) Importer(815301076,1909f56bfc062723c751e8b465ee728b)
Start importing Assets/Obstacle.prefab using Guid(7fa9c7145549c5546b2da1d61368b537) Importer(815301076,1909f56bfc062723c751e8b465ee728b)  -> (artifact id: 'bc4e6b7a1d6327576cc9eb48e8359558') in 0.029333 seconds
  Import took 0.045863 seconds .

========================================================================
Received Import Request.
  Time since last request: 6.504517 seconds.
  path: Assets/Obstacle.prefab
  artifactKey: Guid(7fa9c7145549c5546b2da1d61368b537) Importer(815301076,1909f56bfc062723c751e8b465ee728b)
Start importing Assets/Obstacle.prefab using Guid(7fa9c7145549c5546b2da1d61368b537) Importer(815301076,1909f56bfc062723c751e8b465ee728b)  -> (artifact id: 'cdd55802d648c0896ff8b559aa0a854a') in 0.037049 seconds
  Import took 0.050608 seconds .

========================================================================
Received Import Request.
  Time since last request: 112.081056 seconds.
  path: Assets/Script/SpawneEntityScript.cs
  artifactKey: Guid(694a98cdb5f85704787810c775166715) Importer(815301076,1909f56bfc062723c751e8b465ee728b)
Start importing Assets/Script/SpawneEntityScript.cs using Guid(694a98cdb5f85704787810c775166715) Importer(815301076,1909f56bfc062723c751e8b465ee728b)  -> (artifact id: 'c563ea122e44b1e969fac7d4970c4af8') in 0.014997 seconds
  Import took 0.027274 seconds .

========================================================================
Received Import Request.
  Time since last request: 33.336470 seconds.
  path: Assets/Script/SpawneEntityScript.cs
  artifactKey: Guid(694a98cdb5f85704787810c775166715) Importer(815301076,1909f56bfc062723c751e8b465ee728b)
Start importing Assets/Script/SpawneEntityScript.cs using Guid(694a98cdb5f85704787810c775166715) Importer(815301076,1909f56bfc062723c751e8b465ee728b)  -> (artifact id: '7a1ad786e60e9e5b07c462611d7edf5c') in 0.005390 seconds
  Import took 0.019835 seconds .

========================================================================
Received Import Request.
  Time since last request: 50.970718 seconds.
  path: Assets/Script/SpawneEntityScript.cs
  artifactKey: Guid(694a98cdb5f85704787810c775166715) Importer(815301076,1909f56bfc062723c751e8b465ee728b)
Start importing Assets/Script/SpawneEntityScript.cs using Guid(694a98cdb5f85704787810c775166715) Importer(815301076,1909f56bfc062723c751e8b465ee728b)  -> (artifact id: '75ca379240a040c87a407c5bb59e7167') in 0.012452 seconds
  Import took 0.032441 seconds .

========================================================================
Received Import Request.
  Time since last request: 1.079792 seconds.
  path: Assets/Script/SpawneEntityScript.cs
  artifactKey: Guid(694a98cdb5f85704787810c775166715) Importer(815301076,1909f56bfc062723c751e8b465ee728b)
Start importing Assets/Script/SpawneEntityScript.cs using Guid(694a98cdb5f85704787810c775166715) Importer(815301076,1909f56bfc062723c751e8b465ee728b)  -> (artifact id: 'b80b74c5bed04f7b80a96c0442ece3ef') in 0.004700 seconds
  Import took 0.018260 seconds .

========================================================================
Received Import Request.
  Time since last request: 5.971485 seconds.
  path: Assets/Script/SpawneEntityScript.cs
  artifactKey: Guid(694a98cdb5f85704787810c775166715) Importer(815301076,1909f56bfc062723c751e8b465ee728b)
Start importing Assets/Script/SpawneEntityScript.cs using Guid(694a98cdb5f85704787810c775166715) Importer(815301076,1909f56bfc062723c751e8b465ee728b)  -> (artifact id: 'c73d2a1edd259c45b138565ae646f6f0') in 0.005850 seconds
  Import took 0.019265 seconds .

========================================================================
Received Import Request.
  Time since last request: 6.179135 seconds.
  path: Assets/Script/SpawneEntityScript.cs
  artifactKey: Guid(694a98cdb5f85704787810c775166715) Importer(815301076,1909f56bfc062723c751e8b465ee728b)
Start importing Assets/Script/SpawneEntityScript.cs using Guid(694a98cdb5f85704787810c775166715) Importer(815301076,1909f56bfc062723c751e8b465ee728b)  -> (artifact id: '2ae359bf32f17f700e24f8c44e78c3ed') in 0.005157 seconds
  Import took 0.019192 seconds .

========================================================================
Received Prepare
Registering precompiled user dll's ...
Registered in 0.011066 seconds.
Begin MonoManager ReloadAssembly
Native extension for WindowsStandalone target not found
Native extension for WebGL target not found
Refreshing native plugins compatible for Editor in 0.73 ms, found 2 plugins.
Preloading 0 native plugins for Editor in 0.00 ms.
Mono: successfully reloaded assembly
- Completed reload, in  2.760 seconds
Platform modules already initialized, skipping
Switching build target platform(19) subTarget(0) extendedPlatform(0) -> platform(13) subTarget(537395200) extendedPlatform(0)
Refreshing native plugins compatible for Editor in 0.87 ms, found 2 plugins.
Preloading 0 native plugins for Editor in 0.00 ms.
Unloading 1545 Unused Serialized files (Serialized files now loaded: 0)
System memory in use before: 73.4 MB.
System memory in use after: 73.4 MB.

Unloading 15 unused Assets to reduce memory usage. Loaded Objects now: 2016.
Total: 3.017000 ms (FindLiveObjects: 0.197600 ms CreateObjectMapping: 0.068700 ms MarkObjects: 2.661700 ms  DeleteObjects: 0.087100 ms)

AssetImportParameters requested are different than current active one (requested -> active):
  custom:graphics/normal-map-encoding: 01000000000000000000000000000000 -> 02000000000000000000000000000000
========================================================================
Received Import Request.
  Time since last request: 53.825328 seconds.
  path: Assets/Spawner.prefab
  artifactKey: Guid(566a6ad27a9df384295a3a282d12cb78) Importer(815301076,1909f56bfc062723c751e8b465ee728b)
Start importing Assets/Spawner.prefab using Guid(566a6ad27a9df384295a3a282d12cb78) Importer(815301076,1909f56bfc062723c751e8b465ee728b)  -> (artifact id: '10a29180f2a6c301b72ab060e8d151b6') in 0.058539 seconds
  Import took 0.069210 seconds .

========================================================================
Received Prepare
Registering precompiled user dll's ...
Registered in 0.012533 seconds.
Begin MonoManager ReloadAssembly
Native extension for WindowsStandalone target not found
Native extension for WebGL target not found
Refreshing native plugins compatible for Editor in 0.86 ms, found 2 plugins.
Preloading 0 native plugins for Editor in 0.00 ms.
Mono: successfully reloaded assembly
- Completed reload, in  2.287 seconds
Platform modules already initialized, skipping
Switching build target platform(19) subTarget(0) extendedPlatform(0) -> platform(13) subTarget(537395200) extendedPlatform(0)
Refreshing native plugins compatible for Editor in 0.51 ms, found 2 plugins.
Preloading 0 native plugins for Editor in 0.00 ms.
Unloading 1545 Unused Serialized files (Serialized files now loaded: 0)
System memory in use before: 73.4 MB.
System memory in use after: 73.4 MB.

Unloading 15 unused Assets to reduce memory usage. Loaded Objects now: 2018.
Total: 5.012900 ms (FindLiveObjects: 0.337100 ms CreateObjectMapping: 0.082200 ms MarkObjects: 4.440600 ms  DeleteObjects: 0.149900 ms)

AssetImportParameters requested are different than current active one (requested -> active):
  custom:graphics/normal-map-encoding: 01000000000000000000000000000000 -> 02000000000000000000000000000000
========================================================================
Received Import Request.
  Time since last request: 26.273412 seconds.
  path: Assets/Obstacle.prefab
  artifactKey: Guid(7fa9c7145549c5546b2da1d61368b537) Importer(815301076,1909f56bfc062723c751e8b465ee728b)
Start importing Assets/Obstacle.prefab using Guid(7fa9c7145549c5546b2da1d61368b537) Importer(815301076,1909f56bfc062723c751e8b465ee728b)  -> (artifact id: 'a38bbe941f5f7bd266f10b0b752e9408') in 0.130441 seconds
  Import took 0.142171 seconds .

========================================================================
Received Import Request.
  Time since last request: 3.159376 seconds.
  path: Assets/Obstacle.prefab
  artifactKey: Guid(7fa9c7145549c5546b2da1d61368b537) Importer(815301076,1909f56bfc062723c751e8b465ee728b)
Start importing Assets/Obstacle.prefab using Guid(7fa9c7145549c5546b2da1d61368b537) Importer(815301076,1909f56bfc062723c751e8b465ee728b)  -> (artifact id: '2e1dc00add5067457bc7f46dccbb82f2') in 0.034242 seconds
  Import took 0.046927 seconds .

========================================================================
Received Import Request.
  Time since last request: 13.334441 seconds.
  path: Assets/Obstacle.prefab
  artifactKey: Guid(7fa9c7145549c5546b2da1d61368b537) Importer(815301076,1909f56bfc062723c751e8b465ee728b)
Start importing Assets/Obstacle.prefab using Guid(7fa9c7145549c5546b2da1d61368b537) Importer(815301076,1909f56bfc062723c751e8b465ee728b)  -> (artifact id: '56ab9d4442e30cab79cccf02414fdb08') in 0.027350 seconds
  Import took 0.038587 seconds .

========================================================================
Received Prepare
Registering precompiled user dll's ...
Registered in 0.013345 seconds.
Begin MonoManager ReloadAssembly
Native extension for WindowsStandalone target not found
Native extension for WebGL target not found
Refreshing native plugins compatible for Editor in 0.91 ms, found 2 plugins.
Preloading 0 native plugins for Editor in 0.00 ms.
Mono: successfully reloaded assembly
- Completed reload, in  2.718 seconds
Platform modules already initialized, skipping
Switching build target platform(19) subTarget(0) extendedPlatform(0) -> platform(13) subTarget(537395200) extendedPlatform(0)
Refreshing native plugins compatible for Editor in 0.64 ms, found 2 plugins.
Preloading 0 native plugins for Editor in 0.00 ms.
Unloading 1545 Unused Serialized files (Serialized files now loaded: 0)
System memory in use before: 73.4 MB.
System memory in use after: 73.5 MB.

Unloading 15 unused Assets to reduce memory usage. Loaded Objects now: 2021.
Total: 3.129200 ms (FindLiveObjects: 0.201200 ms CreateObjectMapping: 0.069900 ms MarkObjects: 2.752100 ms  DeleteObjects: 0.103900 ms)

AssetImportParameters requested are different than current active one (requested -> active):
  custom:graphics/normal-map-encoding: 01000000000000000000000000000000 -> 02000000000000000000000000000000
========================================================================
Received Prepare
Registering precompiled user dll's ...
Registered in 0.011949 seconds.
Begin MonoManager ReloadAssembly
Native extension for WindowsStandalone target not found
Native extension for WebGL target not found
Refreshing native plugins compatible for Editor in 0.98 ms, found 2 plugins.
Preloading 0 native plugins for Editor in 0.00 ms.
Mono: successfully reloaded assembly
- Completed reload, in  2.890 seconds
Platform modules already initialized, skipping
Switching build target platform(19) subTarget(0) extendedPlatform(0) -> platform(13) subTarget(537395200) extendedPlatform(0)
Refreshing native plugins compatible for Editor in 0.89 ms, found 2 plugins.
Preloading 0 native plugins for Editor in 0.00 ms.
Unloading 1545 Unused Serialized files (Serialized files now loaded: 0)
System memory in use before: 73.4 MB.
System memory in use after: 73.5 MB.

Unloading 15 unused Assets to reduce memory usage. Loaded Objects now: 2023.
Total: 5.004400 ms (FindLiveObjects: 0.295700 ms CreateObjectMapping: 0.107900 ms MarkObjects: 4.504500 ms  DeleteObjects: 0.094100 ms)

AssetImportParameters requested are different than current active one (requested -> active):
  custom:graphics/normal-map-encoding: 01000000000000000000000000000000 -> 02000000000000000000000000000000
========================================================================
Received Prepare
Registering precompiled user dll's ...
Registered in 0.012512 seconds.
Begin MonoManager ReloadAssembly
Native extension for WindowsStandalone target not found
Native extension for WebGL target not found
Refreshing native plugins compatible for Editor in 0.53 ms, found 2 plugins.
Preloading 0 native plugins for Editor in 0.00 ms.
Mono: successfully reloaded assembly
- Completed reload, in  2.344 seconds
Platform modules already initialized, skipping
Switching build target platform(19) subTarget(0) extendedPlatform(0) -> platform(13) subTarget(537395200) extendedPlatform(0)
Refreshing native plugins compatible for Editor in 0.69 ms, found 2 plugins.
Preloading 0 native plugins for Editor in 0.00 ms.
Unloading 1545 Unused Serialized files (Serialized files now loaded: 0)
System memory in use before: 73.4 MB.
System memory in use after: 73.5 MB.

Unloading 15 unused Assets to reduce memory usage. Loaded Objects now: 2025.
Total: 4.538800 ms (FindLiveObjects: 0.292400 ms CreateObjectMapping: 0.104600 ms MarkObjects: 4.030900 ms  DeleteObjects: 0.108800 ms)

AssetImportParameters requested are different than current active one (requested -> active):
  custom:graphics/normal-map-encoding: 01000000000000000000000000000000 -> 02000000000000000000000000000000
========================================================================
Received Prepare
Registering precompiled user dll's ...
Registered in 0.018755 seconds.
Begin MonoManager ReloadAssembly
Native extension for WindowsStandalone target not found
Native extension for WebGL target not found
Refreshing native plugins compatible for Editor in 0.88 ms, found 2 plugins.
Preloading 0 native plugins for Editor in 0.00 ms.
Mono: successfully reloaded assembly
- Completed reload, in  2.436 seconds
Platform modules already initialized, skipping
Switching build target platform(19) subTarget(0) extendedPlatform(0) -> platform(13) subTarget(537395200) extendedPlatform(0)
Refreshing native plugins compatible for Editor in 1.28 ms, found 2 plugins.
Preloading 0 native plugins for Editor in 0.00 ms.
Unloading 1545 Unused Serialized files (Serialized files now loaded: 0)
System memory in use before: 73.4 MB.
System memory in use after: 73.5 MB.

Unloading 15 unused Assets to reduce memory usage. Loaded Objects now: 2027.
Total: 4.759000 ms (FindLiveObjects: 0.198700 ms CreateObjectMapping: 0.063200 ms MarkObjects: 4.353500 ms  DeleteObjects: 0.141800 ms)

AssetImportParameters requested are different than current active one (requested -> active):
  custom:graphics/normal-map-encoding: 01000000000000000000000000000000 -> 02000000000000000000000000000000
========================================================================
Received Prepare
Registering precompiled user dll's ...
Registered in 0.021468 seconds.
Begin MonoManager ReloadAssembly
Native extension for WindowsStandalone target not found
Native extension for WebGL target not found
Refreshing native plugins compatible for Editor in 0.98 ms, found 2 plugins.
Preloading 0 native plugins for Editor in 0.00 ms.
Mono: successfully reloaded assembly
- Completed reload, in  2.699 seconds
Platform modules already initialized, skipping
Switching build target platform(19) subTarget(0) extendedPlatform(0) -> platform(13) subTarget(537395200) extendedPlatform(0)
Refreshing native plugins compatible for Editor in 0.53 ms, found 2 plugins.
Preloading 0 native plugins for Editor in 0.00 ms.
Unloading 1545 Unused Serialized files (Serialized files now loaded: 0)
System memory in use before: 73.4 MB.
System memory in use after: 73.5 MB.

Unloading 15 unused Assets to reduce memory usage. Loaded Objects now: 2029.
Total: 4.266500 ms (FindLiveObjects: 0.365600 ms CreateObjectMapping: 0.136300 ms MarkObjects: 3.649200 ms  DeleteObjects: 0.113000 ms)

AssetImportParameters requested are different than current active one (requested -> active):
  custom:graphics/normal-map-encoding: 01000000000000000000000000000000 -> 02000000000000000000000000000000
========================================================================
Received Prepare
Registering precompiled user dll's ...
Registered in 0.052132 seconds.
Begin MonoManager ReloadAssembly
Native extension for WindowsStandalone target not found
Native extension for WebGL target not found
Refreshing native plugins compatible for Editor in 0.91 ms, found 2 plugins.
Preloading 0 native plugins for Editor in 0.00 ms.
Mono: successfully reloaded assembly
- Completed reload, in  2.611 seconds
Platform modules already initialized, skipping
Switching build target platform(19) subTarget(0) extendedPlatform(0) -> platform(13) subTarget(537395200) extendedPlatform(0)
Refreshing native plugins compatible for Editor in 0.55 ms, found 2 plugins.
Preloading 0 native plugins for Editor in 0.00 ms.
Unloading 1545 Unused Serialized files (Serialized files now loaded: 0)
System memory in use before: 73.4 MB.
System memory in use after: 73.5 MB.

Unloading 15 unused Assets to reduce memory usage. Loaded Objects now: 2031.
Total: 3.119700 ms (FindLiveObjects: 0.287600 ms CreateObjectMapping: 0.075900 ms MarkObjects: 2.654700 ms  DeleteObjects: 0.099100 ms)

AssetImportParameters requested are different than current active one (requested -> active):
  custom:graphics/normal-map-encoding: 01000000000000000000000000000000 -> 02000000000000000000000000000000
========================================================================
Received Prepare
Registering precompiled user dll's ...
Registered in 0.010127 seconds.
Begin MonoManager ReloadAssembly
Native extension for WindowsStandalone target not found
Native extension for WebGL target not found
Refreshing native plugins compatible for Editor in 0.52 ms, found 2 plugins.
Preloading 0 native plugins for Editor in 0.00 ms.
Mono: successfully reloaded assembly
- Completed reload, in  2.686 seconds
Platform modules already initialized, skipping
Switching build target platform(19) subTarget(0) extendedPlatform(0) -> platform(13) subTarget(537395200) extendedPlatform(0)
Refreshing native plugins compatible for Editor in 0.86 ms, found 2 plugins.
Preloading 0 native plugins for Editor in 0.00 ms.
Unloading 1545 Unused Serialized files (Serialized files now loaded: 0)
System memory in use before: 73.4 MB.
System memory in use after: 73.5 MB.

Unloading 15 unused Assets to reduce memory usage. Loaded Objects now: 2033.
Total: 2.935400 ms (FindLiveObjects: 0.206400 ms CreateObjectMapping: 0.069200 ms MarkObjects: 2.571200 ms  DeleteObjects: 0.086800 ms)

AssetImportParameters requested are different than current active one (requested -> active):
  custom:graphics/normal-map-encoding: 01000000000000000000000000000000 -> 02000000000000000000000000000000
========================================================================
Received Prepare
Registering precompiled user dll's ...
Registered in 0.010857 seconds.
Begin MonoManager ReloadAssembly
Native extension for WindowsStandalone target not found
Native extension for WebGL target not found
Refreshing native plugins compatible for Editor in 1.01 ms, found 2 plugins.
Preloading 0 native plugins for Editor in 0.00 ms.
Mono: successfully reloaded assembly
- Completed reload, in  2.923 seconds
Platform modules already initialized, skipping
Switching build target platform(19) subTarget(0) extendedPlatform(0) -> platform(13) subTarget(537395200) extendedPlatform(0)
Refreshing native plugins compatible for Editor in 1.21 ms, found 2 plugins.
Preloading 0 native plugins for Editor in 0.00 ms.
Unloading 1545 Unused Serialized files (Serialized files now loaded: 0)
System memory in use before: 73.4 MB.
System memory in use after: 73.5 MB.

Unloading 15 unused Assets to reduce memory usage. Loaded Objects now: 2035.
Total: 4.978000 ms (FindLiveObjects: 0.224800 ms CreateObjectMapping: 0.074900 ms MarkObjects: 4.513000 ms  DeleteObjects: 0.162700 ms)

AssetImportParameters requested are different than current active one (requested -> active):
  custom:graphics/normal-map-encoding: 01000000000000000000000000000000 -> 02000000000000000000000000000000
========================================================================
Received Prepare
Registering precompiled user dll's ...
Registered in 0.021374 seconds.
Begin MonoManager ReloadAssembly
Native extension for WindowsStandalone target not found
Native extension for WebGL target not found
Refreshing native plugins compatible for Editor in 1.21 ms, found 2 plugins.
Preloading 0 native plugins for Editor in 0.00 ms.
Mono: successfully reloaded assembly
- Completed reload, in  2.602 seconds
Platform modules already initialized, skipping
Switching build target platform(19) subTarget(0) extendedPlatform(0) -> platform(13) subTarget(537395200) extendedPlatform(0)
Refreshing native plugins compatible for Editor in 0.85 ms, found 2 plugins.
Preloading 0 native plugins for Editor in 0.00 ms.
Unloading 1545 Unused Serialized files (Serialized files now loaded: 0)
System memory in use before: 73.4 MB.
System memory in use after: 73.5 MB.

Unloading 15 unused Assets to reduce memory usage. Loaded Objects now: 2037.
Total: 3.124300 ms (FindLiveObjects: 0.276100 ms CreateObjectMapping: 0.075500 ms MarkObjects: 2.675300 ms  DeleteObjects: 0.095000 ms)

AssetImportParameters requested are different than current active one (requested -> active):
  custom:graphics/normal-map-encoding: 01000000000000000000000000000000 -> 02000000000000000000000000000000
========================================================================
Received Import Request.
  Time since last request: 363.112368 seconds.
  path: Assets/Obstacle.prefab
  artifactKey: Guid(7fa9c7145549c5546b2da1d61368b537) Importer(815301076,1909f56bfc062723c751e8b465ee728b)
Start importing Assets/Obstacle.prefab using Guid(7fa9c7145549c5546b2da1d61368b537) Importer(815301076,1909f56bfc062723c751e8b465ee728b)  -> (artifact id: '57c1d17ef91fa3ceaef695cf1f8c30d3') in 0.148338 seconds
  Import took 0.157978 seconds .

========================================================================
Received Import Request.
  Time since last request: 5.728826 seconds.
  path: Assets/Obstacle.prefab
  artifactKey: Guid(7fa9c7145549c5546b2da1d61368b537) Importer(815301076,1909f56bfc062723c751e8b465ee728b)
Start importing Assets/Obstacle.prefab using Guid(7fa9c7145549c5546b2da1d61368b537) Importer(815301076,1909f56bfc062723c751e8b465ee728b)  -> (artifact id: 'd909122e3fdf3384739dbe15ed737c10') in 0.031956 seconds
  Import took 0.043005 seconds .

AssetImportWorkerClient::OnTransportError - code=2 error=End of file
